2024-12-23 00:22:45 - HV000001: Hibernate Validator 8.0.2.Final
2024-12-23 00:22:45 - Starting MsBankCustomerCreditApplication using Java 17.0.12 with PID 27332 (C:\Ntt Data\Semana 1\Proyecto\Ntt-Project-S01\ms-bank-customer-credit\target\classes started by JMR CODE in C:\Ntt Data\Semana 1\Proyecto\Ntt-Project-S01\ms-bank-customer-credit)
2024-12-23 00:22:45 - No active profile set, falling back to 1 default profile: "default"
2024-12-23 00:22:45 - Devtools property defaults active! Set 'spring.devtools.add-properties' to 'false' to disable
2024-12-23 00:22:45 - For additional web related logging consider setting the 'logging.level.web' property to 'DEBUG'
2024-12-23 00:22:46 - Bootstrapping Spring Data Reactive MongoDB repositories in DEFAULT mode.
2024-12-23 00:22:46 - Finished Spring Data repository scanning in 204 ms. Found 1 Reactive MongoDB repository interface.
2024-12-23 00:22:47 - MongoClient with metadata {"driver": {"name": "mongo-java-driver|reactive-streams|spring-boot", "version": "5.2.1"}, "os": {"type": "Windows", "name": "Windows 10", "architecture": "amd64", "version": "10.0"}, "platform": "Java/Oracle Corporation/17.0.12+8-LTS-286"} created with settings MongoClientSettings{readPreference=primary, writeConcern=WriteConcern{w=null, wTimeout=null ms, journal=null}, retryWrites=true, retryReads=true, readConcern=ReadConcern{level=null}, credential=null, transportSettings=NettyTransportSettings{eventLoopGroup=io.netty.channel.nio.NioEventLoopGroup@56264eaa, socketChannelClass=null, allocator=null, sslContext=null}, commandListeners=[], codecRegistry=ProvidersCodecRegistry{codecProviders=[ValueCodecProvider{}, BsonValueCodecProvider{}, DBRefCodecProvider{}, DBObjectCodecProvider{}, DocumentCodecProvider{}, CollectionCodecProvider{}, IterableCodecProvider{}, MapCodecProvider{}, GeoJsonCodecProvider{}, GridFSFileCodecProvider{}, Jsr310CodecProvider{}, JsonObjectCodecProvider{}, BsonCodecProvider{}, EnumCodecProvider{}, com.mongodb.client.model.mql.ExpressionCodecProvider@47afc11d, com.mongodb.Jep395RecordCodecProvider@2f0a7c63, com.mongodb.KotlinCodecProvider@1680a732]}, loggerSettings=LoggerSettings{maxDocumentLength=1000}, clusterSettings={hosts=[localhost:27017], srvServiceName=mongodb, mode=SINGLE, requiredClusterType=UNKNOWN, requiredReplicaSetName='null', serverSelector='null', clusterListeners='[]', serverSelectionTimeout='30000 ms', localThreshold='15 ms'}, socketSettings=SocketSettings{connectTimeoutMS=10000, readTimeoutMS=0, receiveBufferSize=0, proxySettings=ProxySettings{host=null, port=null, username=null, password=null}}, heartbeatSocketSettings=SocketSettings{connectTimeoutMS=10000, readTimeoutMS=10000, receiveBufferSize=0, proxySettings=ProxySettings{host=null, port=null, username=null, password=null}}, connectionPoolSettings=ConnectionPoolSettings{maxSize=100, minSize=0, maxWaitTimeMS=120000, maxConnectionLifeTimeMS=0, maxConnectionIdleTimeMS=0, maintenanceInitialDelayMS=0, maintenanceFrequencyMS=60000, connectionPoolListeners=[], maxConnecting=2}, serverSettings=ServerSettings{heartbeatFrequencyMS=10000, minHeartbeatFrequencyMS=500, serverMonitoringMode=AUTO, serverListeners='[]', serverMonitorListeners='[]'}, sslSettings=SslSettings{enabled=false, invalidHostNameAllowed=false, context=null}, applicationName='null', compressorList=[], uuidRepresentation=JAVA_LEGACY, serverApi=null, autoEncryptionSettings=null, dnsClient=null, inetAddressResolver=null, contextProvider=null, timeoutMS=null}
2024-12-23 00:22:47 - Monitor thread successfully connected to server with description ServerDescription{address=localhost:27017, type=STANDALONE, cryptd=false, state=CONNECTED, ok=true, minWireVersion=0, maxWireVersion=25, maxDocumentSize=16777216, logicalSessionTimeoutMinutes=30, roundTripTimeNanos=53226000, minRoundTripTimeNanos=0}
2024-12-23 00:22:47 - LiveReload server is running on port 35729
2024-12-23 00:22:48 - Netty started on port 8083 (http)
2024-12-23 00:22:48 - Started MsBankCustomerCreditApplication in 3.732 seconds (process running for 4.579)
2024-12-23 00:24:49 - Creando credito CreditProduct(id=null, customerId=1245, accountHolderName=Sergio Jhilmar, creditAmount=1800.5, authorizedSigners=[], holders=[Sergio Jhilmar], creditType=EMPRESARIAL, clientType=EMPRESARIAL)
2024-12-23 00:24:59 - Consultando todos los creditos
2024-12-23 00:25:12 - Consultando credito con id 6768f4214b30044bef0199c6
2024-12-23 00:26:02 - Creando credito CreditProduct(id=null, customerId=588, accountHolderName=Jhami, creditAmount=1500.0, authorizedSigners=[], holders=[], creditType=PERSONAL, clientType=PERSONAL)
2024-12-23 00:26:06 - Consultando todos los creditos
2024-12-23 00:26:35 - Actualizando credito CreditProduct(id=null, customerId=588, accountHolderName=Jhamile, creditAmount=1500.0, authorizedSigners=[], holders=[], creditType=PERSONAL, clientType=PERSONAL)
2024-12-23 00:26:48 - Creando credito CreditProduct(id=null, customerId=588, accountHolderName=Jhamdddddi, creditAmount=1500.0, authorizedSigners=[], holders=[], creditType=PERSONAL, clientType=PERSONAL)
2024-12-23 00:27:04 - Eliminando credito con id 6768f4984b30044bef0199c8
2024-12-23 00:27:34 - Commencing graceful shutdown. Waiting for active requests to complete
2024-12-23 00:27:34 - Graceful shutdown complete
2024-12-23 01:04:31 - HV000001: Hibernate Validator 8.0.2.Final
2024-12-23 01:04:31 - Starting MsBankCustomerCreditApplication using Java 17.0.12 with PID 27524 (C:\Ntt Data\Semana 1\Proyecto\Ntt-Project-S01\ms-bank-customer-credit\target\classes started by JMR CODE in C:\Ntt Data\Semana 1\Proyecto\Ntt-Project-S01\ms-bank-customer-credit)
2024-12-23 01:04:31 - No active profile set, falling back to 1 default profile: "default"
2024-12-23 01:04:31 - Devtools property defaults active! Set 'spring.devtools.add-properties' to 'false' to disable
2024-12-23 01:04:31 - For additional web related logging consider setting the 'logging.level.web' property to 'DEBUG'
2024-12-23 01:04:32 - Bootstrapping Spring Data Reactive MongoDB repositories in DEFAULT mode.
2024-12-23 01:04:32 - Finished Spring Data repository scanning in 174 ms. Found 1 Reactive MongoDB repository interface.
2024-12-23 01:04:33 - MongoClient with metadata {"driver": {"name": "mongo-java-driver|reactive-streams|spring-boot", "version": "5.2.1"}, "os": {"type": "Windows", "name": "Windows 10", "architecture": "amd64", "version": "10.0"}, "platform": "Java/Oracle Corporation/17.0.12+8-LTS-286"} created with settings MongoClientSettings{readPreference=primary, writeConcern=WriteConcern{w=null, wTimeout=null ms, journal=null}, retryWrites=true, retryReads=true, readConcern=ReadConcern{level=null}, credential=null, transportSettings=NettyTransportSettings{eventLoopGroup=io.netty.channel.nio.NioEventLoopGroup@7e683fc7, socketChannelClass=null, allocator=null, sslContext=null}, commandListeners=[], codecRegistry=ProvidersCodecRegistry{codecProviders=[ValueCodecProvider{}, BsonValueCodecProvider{}, DBRefCodecProvider{}, DBObjectCodecProvider{}, DocumentCodecProvider{}, CollectionCodecProvider{}, IterableCodecProvider{}, MapCodecProvider{}, GeoJsonCodecProvider{}, GridFSFileCodecProvider{}, Jsr310CodecProvider{}, JsonObjectCodecProvider{}, BsonCodecProvider{}, EnumCodecProvider{}, com.mongodb.client.model.mql.ExpressionCodecProvider@4160820e, com.mongodb.Jep395RecordCodecProvider@175fe774, com.mongodb.KotlinCodecProvider@10c64558]}, loggerSettings=LoggerSettings{maxDocumentLength=1000}, clusterSettings={hosts=[localhost:27017], srvServiceName=mongodb, mode=SINGLE, requiredClusterType=UNKNOWN, requiredReplicaSetName='null', serverSelector='null', clusterListeners='[]', serverSelectionTimeout='30000 ms', localThreshold='15 ms'}, socketSettings=SocketSettings{connectTimeoutMS=10000, readTimeoutMS=0, receiveBufferSize=0, proxySettings=ProxySettings{host=null, port=null, username=null, password=null}}, heartbeatSocketSettings=SocketSettings{connectTimeoutMS=10000, readTimeoutMS=10000, receiveBufferSize=0, proxySettings=ProxySettings{host=null, port=null, username=null, password=null}}, connectionPoolSettings=ConnectionPoolSettings{maxSize=100, minSize=0, maxWaitTimeMS=120000, maxConnectionLifeTimeMS=0, maxConnectionIdleTimeMS=0, maintenanceInitialDelayMS=0, maintenanceFrequencyMS=60000, connectionPoolListeners=[], maxConnecting=2}, serverSettings=ServerSettings{heartbeatFrequencyMS=10000, minHeartbeatFrequencyMS=500, serverMonitoringMode=AUTO, serverListeners='[]', serverMonitorListeners='[]'}, sslSettings=SslSettings{enabled=false, invalidHostNameAllowed=false, context=null}, applicationName='null', compressorList=[], uuidRepresentation=JAVA_LEGACY, serverApi=null, autoEncryptionSettings=null, dnsClient=null, inetAddressResolver=null, contextProvider=null, timeoutMS=null}
2024-12-23 01:04:34 - Monitor thread successfully connected to server with description ServerDescription{address=localhost:27017, type=STANDALONE, cryptd=false, state=CONNECTED, ok=true, minWireVersion=0, maxWireVersion=25, maxDocumentSize=16777216, logicalSessionTimeoutMinutes=30, roundTripTimeNanos=63006200, minRoundTripTimeNanos=0}
2024-12-23 01:04:34 - LiveReload server is running on port 35729
2024-12-23 01:04:34 - Netty started on port 8083 (http)
2024-12-23 01:04:34 - Started MsBankCustomerCreditApplication in 3.607 seconds (process running for 4.373)
2024-12-23 01:07:04 - Creando credito CreditProduct(id=null, customerId=588, accountHolderName=Jhamdddddi, creditAmount=1500.0, authorizedSigners=[], holders=[], creditType=PERSONAL, clientType=PERSONAL)
2024-12-23 01:07:25 - Commencing graceful shutdown. Waiting for active requests to complete
2024-12-23 01:07:25 - Graceful shutdown complete
2024-12-23 01:07:48 - HV000001: Hibernate Validator 8.0.2.Final
2024-12-23 01:07:48 - Starting MsBankCustomerCreditApplication using Java 17.0.12 with PID 27004 (C:\Ntt Data\Semana 1\Proyecto\Ntt-Project-S01\ms-bank-customer-credit\target\classes started by JMR CODE in C:\Ntt Data\Semana 1\Proyecto\Ntt-Project-S01\ms-bank-customer-credit)
2024-12-23 01:07:48 - No active profile set, falling back to 1 default profile: "default"
2024-12-23 01:07:48 - Devtools property defaults active! Set 'spring.devtools.add-properties' to 'false' to disable
2024-12-23 01:07:48 - For additional web related logging consider setting the 'logging.level.web' property to 'DEBUG'
2024-12-23 01:07:49 - Bootstrapping Spring Data Reactive MongoDB repositories in DEFAULT mode.
2024-12-23 01:07:49 - Finished Spring Data repository scanning in 175 ms. Found 1 Reactive MongoDB repository interface.
2024-12-23 01:07:50 - MongoClient with metadata {"driver": {"name": "mongo-java-driver|reactive-streams|spring-boot", "version": "5.2.1"}, "os": {"type": "Windows", "name": "Windows 10", "architecture": "amd64", "version": "10.0"}, "platform": "Java/Oracle Corporation/17.0.12+8-LTS-286"} created with settings MongoClientSettings{readPreference=primary, writeConcern=WriteConcern{w=null, wTimeout=null ms, journal=null}, retryWrites=true, retryReads=true, readConcern=ReadConcern{level=null}, credential=null, transportSettings=NettyTransportSettings{eventLoopGroup=io.netty.channel.nio.NioEventLoopGroup@244c17dd, socketChannelClass=null, allocator=null, sslContext=null}, commandListeners=[], codecRegistry=ProvidersCodecRegistry{codecProviders=[ValueCodecProvider{}, BsonValueCodecProvider{}, DBRefCodecProvider{}, DBObjectCodecProvider{}, DocumentCodecProvider{}, CollectionCodecProvider{}, IterableCodecProvider{}, MapCodecProvider{}, GeoJsonCodecProvider{}, GridFSFileCodecProvider{}, Jsr310CodecProvider{}, JsonObjectCodecProvider{}, BsonCodecProvider{}, EnumCodecProvider{}, com.mongodb.client.model.mql.ExpressionCodecProvider@43f98cd8, com.mongodb.Jep395RecordCodecProvider@1a3a7cf4, com.mongodb.KotlinCodecProvider@8f94b31]}, loggerSettings=LoggerSettings{maxDocumentLength=1000}, clusterSettings={hosts=[localhost:27017], srvServiceName=mongodb, mode=SINGLE, requiredClusterType=UNKNOWN, requiredReplicaSetName='null', serverSelector='null', clusterListeners='[]', serverSelectionTimeout='30000 ms', localThreshold='15 ms'}, socketSettings=SocketSettings{connectTimeoutMS=10000, readTimeoutMS=0, receiveBufferSize=0, proxySettings=ProxySettings{host=null, port=null, username=null, password=null}}, heartbeatSocketSettings=SocketSettings{connectTimeoutMS=10000, readTimeoutMS=10000, receiveBufferSize=0, proxySettings=ProxySettings{host=null, port=null, username=null, password=null}}, connectionPoolSettings=ConnectionPoolSettings{maxSize=100, minSize=0, maxWaitTimeMS=120000, maxConnectionLifeTimeMS=0, maxConnectionIdleTimeMS=0, maintenanceInitialDelayMS=0, maintenanceFrequencyMS=60000, connectionPoolListeners=[], maxConnecting=2}, serverSettings=ServerSettings{heartbeatFrequencyMS=10000, minHeartbeatFrequencyMS=500, serverMonitoringMode=AUTO, serverListeners='[]', serverMonitorListeners='[]'}, sslSettings=SslSettings{enabled=false, invalidHostNameAllowed=false, context=null}, applicationName='null', compressorList=[], uuidRepresentation=JAVA_LEGACY, serverApi=null, autoEncryptionSettings=null, dnsClient=null, inetAddressResolver=null, contextProvider=null, timeoutMS=null}
2024-12-23 01:07:50 - Monitor thread successfully connected to server with description ServerDescription{address=localhost:27017, type=STANDALONE, cryptd=false, state=CONNECTED, ok=true, minWireVersion=0, maxWireVersion=25, maxDocumentSize=16777216, logicalSessionTimeoutMinutes=30, roundTripTimeNanos=65624900, minRoundTripTimeNanos=0}
2024-12-23 01:07:50 - LiveReload server is running on port 35729
2024-12-23 01:07:51 - [http] resources will use the default LoopResources: DefaultLoopResources {prefix=reactor-http, daemon=true, selectCount=8, workerCount=8}
2024-12-23 01:07:51 - [http] resources will use the default ConnectionProvider: reactor.netty.resources.DefaultPooledConnectionProvider@241bf01b
2024-12-23 01:07:51 - Default io_uring support : false
2024-12-23 01:07:51 - Default Epoll support : false
2024-12-23 01:07:51 - Default KQueue support : false
2024-12-23 01:07:51 - [6412b3f7, L:/[0:0:0:0:0:0:0:0]:8083] Bound new server
2024-12-23 01:07:51 - Netty started on port 8083 (http)
2024-12-23 01:07:51 - Started MsBankCustomerCreditApplication in 3.543 seconds (process running for 4.402)
2024-12-23 01:07:56 - [bf5be8c9, L:/[0:0:0:0:0:0:0:1]:8083 - R:/[0:0:0:0:0:0:0:1]:56056] New http connection, requesting read
2024-12-23 01:07:56 - [c1935485, L:/[0:0:0:0:0:0:0:1]:8083 - R:/[0:0:0:0:0:0:0:1]:56055] New http connection, requesting read
2024-12-23 01:07:56 - [bf5be8c9, L:/[0:0:0:0:0:0:0:1]:8083 - R:/[0:0:0:0:0:0:0:1]:56056] Initialized pipeline DefaultChannelPipeline{(reactor.left.httpCodec = io.netty.handler.codec.http.HttpServerCodec), (reactor.left.httpTrafficHandler = reactor.netty.http.server.HttpTrafficHandler), (reactor.right.reactiveBridge = reactor.netty.channel.ChannelOperationsHandler)}
2024-12-23 01:07:56 - [c1935485, L:/[0:0:0:0:0:0:0:1]:8083 - R:/[0:0:0:0:0:0:0:1]:56055] Initialized pipeline DefaultChannelPipeline{(reactor.left.httpCodec = io.netty.handler.codec.http.HttpServerCodec), (reactor.left.httpTrafficHandler = reactor.netty.http.server.HttpTrafficHandler), (reactor.right.reactiveBridge = reactor.netty.channel.ChannelOperationsHandler)}
2024-12-23 01:07:56 - [bf5be8c9, L:/[0:0:0:0:0:0:0:1]:8083 - R:/[0:0:0:0:0:0:0:1]:56056] Increasing pending responses count: 1
2024-12-23 01:07:56 - [bf5be8c9-1, L:/[0:0:0:0:0:0:0:1]:8083 - R:/[0:0:0:0:0:0:0:1]:56056] Handler is being applied: org.springframework.http.server.reactive.ReactorHttpHandlerAdapter@254ac854
2024-12-23 01:07:56 - [bf5be8c9-1, L:/[0:0:0:0:0:0:0:1]:8083 - R:/[0:0:0:0:0:0:0:1]:56056] [terminated=false, cancelled=false, pending=0, error=null]: subscribing inbound receiver
2024-12-23 01:07:56 - Creando credito CreditProduct(id=null, customerId=588, accountHolderName=Jhamdddddi, creditAmount=1500.0, authorizedSigners=[], holders=[], creditType=PERSONAL, clientType=PERSONAL)
2024-12-23 01:07:56 - [bf5be8c9-1, L:/[0:0:0:0:0:0:0:1]:8083 - R:/[0:0:0:0:0:0:0:1]:56056] Last HTTP response frame
2024-12-23 01:07:56 - [bf5be8c9-1, L:/[0:0:0:0:0:0:0:1]:8083 - R:/[0:0:0:0:0:0:0:1]:56056] Headers are not sent before onComplete().
2024-12-23 01:07:56 - [bf5be8c9-1, L:/[0:0:0:0:0:0:0:1]:8083 - R:/[0:0:0:0:0:0:0:1]:56056] Decreasing pending responses count: 0
2024-12-23 01:07:56 - [bf5be8c9-1, L:/[0:0:0:0:0:0:0:1]:8083 - R:/[0:0:0:0:0:0:0:1]:56056] Last HTTP packet was sent, terminating the channel
2024-12-23 01:07:56 - [bf5be8c9-1, L:/[0:0:0:0:0:0:0:1]:8083 - R:/[0:0:0:0:0:0:0:1]:56056] [HttpServer] Channel inbound receiver cancelled (subscription disposed).
2024-12-23 01:08:27 - Commencing graceful shutdown. Waiting for active requests to complete
2024-12-23 01:08:27 - [6412b3f7, L:/[0:0:0:0:0:0:0:0]:8083] Server is about to be disposed with timeout: PT2562047H47M16.854775807S
2024-12-23 01:08:27 - Graceful shutdown complete
2024-12-23 01:08:27 - [6412b3f7, L:/[0:0:0:0:0:0:0:0]:8083] Server has been disposed
2024-12-23 01:09:09 - HV000001: Hibernate Validator 8.0.2.Final
2024-12-23 01:09:09 - Starting MsBankCustomerCreditApplication using Java 17.0.12 with PID 26344 (C:\Ntt Data\Semana 1\Proyecto\Ntt-Project-S01\ms-bank-customer-credit\target\classes started by JMR CODE in C:\Ntt Data\Semana 1\Proyecto\Ntt-Project-S01\ms-bank-customer-credit)
2024-12-23 01:09:09 - No active profile set, falling back to 1 default profile: "default"
2024-12-23 01:09:09 - Devtools property defaults active! Set 'spring.devtools.add-properties' to 'false' to disable
2024-12-23 01:09:09 - For additional web related logging consider setting the 'logging.level.web' property to 'DEBUG'
2024-12-23 01:09:10 - Bootstrapping Spring Data Reactive MongoDB repositories in DEFAULT mode.
2024-12-23 01:09:10 - Finished Spring Data repository scanning in 192 ms. Found 1 Reactive MongoDB repository interface.
2024-12-23 01:09:11 - MongoClient with metadata {"driver": {"name": "mongo-java-driver|reactive-streams|spring-boot", "version": "5.2.1"}, "os": {"type": "Windows", "name": "Windows 10", "architecture": "amd64", "version": "10.0"}, "platform": "Java/Oracle Corporation/17.0.12+8-LTS-286"} created with settings MongoClientSettings{readPreference=primary, writeConcern=WriteConcern{w=null, wTimeout=null ms, journal=null}, retryWrites=true, retryReads=true, readConcern=ReadConcern{level=null}, credential=null, transportSettings=NettyTransportSettings{eventLoopGroup=io.netty.channel.nio.NioEventLoopGroup@5482673e, socketChannelClass=null, allocator=null, sslContext=null}, commandListeners=[], codecRegistry=ProvidersCodecRegistry{codecProviders=[ValueCodecProvider{}, BsonValueCodecProvider{}, DBRefCodecProvider{}, DBObjectCodecProvider{}, DocumentCodecProvider{}, CollectionCodecProvider{}, IterableCodecProvider{}, MapCodecProvider{}, GeoJsonCodecProvider{}, GridFSFileCodecProvider{}, Jsr310CodecProvider{}, JsonObjectCodecProvider{}, BsonCodecProvider{}, EnumCodecProvider{}, com.mongodb.client.model.mql.ExpressionCodecProvider@8f34987, com.mongodb.Jep395RecordCodecProvider@6ae351d6, com.mongodb.KotlinCodecProvider@189657cb]}, loggerSettings=LoggerSettings{maxDocumentLength=1000}, clusterSettings={hosts=[localhost:27017], srvServiceName=mongodb, mode=SINGLE, requiredClusterType=UNKNOWN, requiredReplicaSetName='null', serverSelector='null', clusterListeners='[]', serverSelectionTimeout='30000 ms', localThreshold='15 ms'}, socketSettings=SocketSettings{connectTimeoutMS=10000, readTimeoutMS=0, receiveBufferSize=0, proxySettings=ProxySettings{host=null, port=null, username=null, password=null}}, heartbeatSocketSettings=SocketSettings{connectTimeoutMS=10000, readTimeoutMS=10000, receiveBufferSize=0, proxySettings=ProxySettings{host=null, port=null, username=null, password=null}}, connectionPoolSettings=ConnectionPoolSettings{maxSize=100, minSize=0, maxWaitTimeMS=120000, maxConnectionLifeTimeMS=0, maxConnectionIdleTimeMS=0, maintenanceInitialDelayMS=0, maintenanceFrequencyMS=60000, connectionPoolListeners=[], maxConnecting=2}, serverSettings=ServerSettings{heartbeatFrequencyMS=10000, minHeartbeatFrequencyMS=500, serverMonitoringMode=AUTO, serverListeners='[]', serverMonitorListeners='[]'}, sslSettings=SslSettings{enabled=false, invalidHostNameAllowed=false, context=null}, applicationName='null', compressorList=[], uuidRepresentation=JAVA_LEGACY, serverApi=null, autoEncryptionSettings=null, dnsClient=null, inetAddressResolver=null, contextProvider=null, timeoutMS=null}
2024-12-23 01:09:11 - Monitor thread successfully connected to server with description ServerDescription{address=localhost:27017, type=STANDALONE, cryptd=false, state=CONNECTED, ok=true, minWireVersion=0, maxWireVersion=25, maxDocumentSize=16777216, logicalSessionTimeoutMinutes=30, roundTripTimeNanos=59253200, minRoundTripTimeNanos=0}
2024-12-23 01:09:11 - LiveReload server is running on port 35729
2024-12-23 01:09:12 - Netty started on port 8083 (http)
2024-12-23 01:09:12 - Started MsBankCustomerCreditApplication in 3.497 seconds (process running for 4.268)
2024-12-23 01:13:55 - Commencing graceful shutdown. Waiting for active requests to complete
2024-12-23 01:13:55 - Graceful shutdown complete
2024-12-23 01:15:09 - Neither @ContextConfiguration nor @ContextHierarchy found for test class [MsBankCustomerCreditApplicationTests]: using SpringBootContextLoader
2024-12-23 01:15:09 - Could not detect default resource locations for test class [com.example.ms_bank_customer_credit.MsBankCustomerCreditApplicationTests]: no resource found for suffixes {-context.xml, Context.groovy}.
2024-12-23 01:15:09 - Could not detect default configuration classes for test class [com.example.ms_bank_customer_credit.MsBankCustomerCreditApplicationTests]: MsBankCustomerCreditApplicationTests does not declare any static, non-private, non-final, nested classes annotated with @Configuration.
2024-12-23 01:15:10 - Using ContextCustomizerFactory implementations for test class [MsBankCustomerCreditApplicationTests]: [ImportsContextCustomizerFactory, ExcludeFilterContextCustomizerFactory, HttpGraphQlTesterContextCustomizerFactory, DuplicateJsonObjectContextCustomizerFactory, MockitoContextCustomizerFactory, TestRestTemplateContextCustomizerFactory, WebTestClientContextCustomizerFactory, DisableReactorResourceFactoryGlobalResourcesContextCustomizerFactory, OnFailureConditionReportContextCustomizerFactory, OverrideAutoConfigurationContextCustomizerFactory, ObservabilityContextCustomizerFactory, TypeExcludeFiltersContextCustomizerFactory, PropertyMappingContextCustomizerFactory, WebDriverContextCustomizerFactory, BeanOverrideContextCustomizerFactory, MockServerContainerContextCustomizerFactory, DynamicPropertiesContextCustomizerFactory]
2024-12-23 01:15:10 - Using ContextCustomizers for test class [MsBankCustomerCreditApplicationTests]: [ExcludeFilterContextCustomizer, DuplicateJsonObjectContextCustomizer, MockitoContextCustomizer, TestRestTemplateContextCustomizer, WebTestClientContextCustomizer, DisableReactorResourceFactoryGlobalResourcesContextCustomizerCustomizer, OnFailureConditionReportContextCustomizer, DisableObservabilityContextCustomizer, PropertyMappingContextCustomizer, WebDriverContextCustomizer, DynamicPropertiesContextCustomizer]
2024-12-23 01:15:10 - Identified candidate component class: file [C:\Ntt Data\Semana 1\Proyecto\Ntt-Project-S01\ms-bank-customer-credit\target\classes\com\example\ms_bank_customer_credit\MsBankCustomerCreditApplication.class]
2024-12-23 01:15:10 - Found @SpringBootConfiguration com.example.ms_bank_customer_credit.MsBankCustomerCreditApplication for test class com.example.ms_bank_customer_credit.MsBankCustomerCreditApplicationTests
2024-12-23 01:15:10 - Skipping candidate TestExecutionListener [org.springframework.test.context.web.ServletTestExecutionListener] due to a missing dependency. Specify custom TestExecutionListener classes or make the default TestExecutionListener classes and their required dependencies available. Offending class: jakarta/servlet/ServletContext
2024-12-23 01:15:10 - Skipping candidate TestExecutionListener [org.springframework.test.context.observation.MicrometerObservationRegistryTestExecutionListener] due to a missing dependency. Specify custom TestExecutionListener classes or make the default TestExecutionListener classes and their required dependencies available. Offending class: io.micrometer.context.ThreadLocalAccessor. MicrometerObservationRegistryTestExecutionListener requires io.micrometer:micrometer-observation:1.10.8 or higher and io.micrometer:context-propagation:1.0.3 or higher.
2024-12-23 01:15:10 - Using TestExecutionListeners for test class [MsBankCustomerCreditApplicationTests]: [DirtiesContextBeforeModesTestExecutionListener, ApplicationEventsTestExecutionListener, MockitoTestExecutionListener, BeanOverrideTestExecutionListener, DependencyInjectionTestExecutionListener, DirtiesContextTestExecutionListener, CommonCachesTestExecutionListener, TransactionalTestExecutionListener, SqlScriptsTestExecutionListener, EventPublishingTestExecutionListener, ResetMocksTestExecutionListener, RestDocsTestExecutionListener, MockRestServiceServerResetTestExecutionListener, MockMvcPrintOnlyOnFailureTestExecutionListener, WebDriverTestExecutionListener, MockWebServiceServerTestExecutionListener, MockitoResetTestExecutionListener]
2024-12-23 01:15:10 - Before test class: class [MsBankCustomerCreditApplicationTests], class annotated with @DirtiesContext [false] with mode [null]
2024-12-23 01:15:10 - Performing dependency injection for test class com.example.ms_bank_customer_credit.MsBankCustomerCreditApplicationTests
2024-12-23 01:15:10 - Restart disabled due to context in which it is running
2024-12-23 01:15:10 - HV000001: Hibernate Validator 8.0.2.Final
2024-12-23 01:15:10 - Starting MsBankCustomerCreditApplicationTests using Java 17.0.12 with PID 27680 (started by JMR CODE in C:\Ntt Data\Semana 1\Proyecto\Ntt-Project-S01\ms-bank-customer-credit)
2024-12-23 01:15:10 - No active profile set, falling back to 1 default profile: "default"
2024-12-23 01:15:11 - Bootstrapping Spring Data Reactive MongoDB repositories in DEFAULT mode.
2024-12-23 01:15:11 - Finished Spring Data repository scanning in 183 ms. Found 1 Reactive MongoDB repository interface.
2024-12-23 01:15:12 - MongoClient with metadata {"driver": {"name": "mongo-java-driver|reactive-streams|spring-boot", "version": "5.2.1"}, "os": {"type": "Windows", "name": "Windows 10", "architecture": "amd64", "version": "10.0"}, "platform": "Java/Oracle Corporation/17.0.12+8-LTS-286"} created with settings MongoClientSettings{readPreference=primary, writeConcern=WriteConcern{w=null, wTimeout=null ms, journal=null}, retryWrites=true, retryReads=true, readConcern=ReadConcern{level=null}, credential=null, transportSettings=NettyTransportSettings{eventLoopGroup=io.netty.channel.nio.NioEventLoopGroup@291a4791, socketChannelClass=null, allocator=null, sslContext=null}, commandListeners=[], codecRegistry=ProvidersCodecRegistry{codecProviders=[ValueCodecProvider{}, BsonValueCodecProvider{}, DBRefCodecProvider{}, DBObjectCodecProvider{}, DocumentCodecProvider{}, CollectionCodecProvider{}, IterableCodecProvider{}, MapCodecProvider{}, GeoJsonCodecProvider{}, GridFSFileCodecProvider{}, Jsr310CodecProvider{}, JsonObjectCodecProvider{}, BsonCodecProvider{}, EnumCodecProvider{}, com.mongodb.client.model.mql.ExpressionCodecProvider@5b1e88f, com.mongodb.Jep395RecordCodecProvider@340cb97f, com.mongodb.KotlinCodecProvider@6a1568d6]}, loggerSettings=LoggerSettings{maxDocumentLength=1000}, clusterSettings={hosts=[localhost:27017], srvServiceName=mongodb, mode=SINGLE, requiredClusterType=UNKNOWN, requiredReplicaSetName='null', serverSelector='null', clusterListeners='[]', serverSelectionTimeout='30000 ms', localThreshold='15 ms'}, socketSettings=SocketSettings{connectTimeoutMS=10000, readTimeoutMS=0, receiveBufferSize=0, proxySettings=ProxySettings{host=null, port=null, username=null, password=null}}, heartbeatSocketSettings=SocketSettings{connectTimeoutMS=10000, readTimeoutMS=10000, receiveBufferSize=0, proxySettings=ProxySettings{host=null, port=null, username=null, password=null}}, connectionPoolSettings=ConnectionPoolSettings{maxSize=100, minSize=0, maxWaitTimeMS=120000, maxConnectionLifeTimeMS=0, maxConnectionIdleTimeMS=0, maintenanceInitialDelayMS=0, maintenanceFrequencyMS=60000, connectionPoolListeners=[], maxConnecting=2}, serverSettings=ServerSettings{heartbeatFrequencyMS=10000, minHeartbeatFrequencyMS=500, serverMonitoringMode=AUTO, serverListeners='[]', serverMonitorListeners='[]'}, sslSettings=SslSettings{enabled=false, invalidHostNameAllowed=false, context=null}, applicationName='null', compressorList=[], uuidRepresentation=JAVA_LEGACY, serverApi=null, autoEncryptionSettings=null, dnsClient=null, inetAddressResolver=null, contextProvider=null, timeoutMS=null}
2024-12-23 01:15:12 - Monitor thread successfully connected to server with description ServerDescription{address=localhost:27017, type=STANDALONE, cryptd=false, state=CONNECTED, ok=true, minWireVersion=0, maxWireVersion=25, maxDocumentSize=16777216, logicalSessionTimeoutMinutes=30, roundTripTimeNanos=73371700, minRoundTripTimeNanos=0}
2024-12-23 01:15:13 - Started MsBankCustomerCreditApplicationTests in 3.097 seconds (process running for 4.606)
